

Microchip MPLAB XC8 Assembler V2.36 build 20220127204148 
                                                                                               Mon Jan 30 16:30:38 2023

Microchip MPLAB XC8 C Compiler v2.36 (Free license) build 20220127204148 Og1 
     1                           	processor	16F84A
     2                           	pagewidth 120
     3                           	opt	flic
     4                           	psect	cinit,global,class=CODE,merge=1,delta=2
     5                           	psect	cstackCOMMON,global,class=COMMON,space=1,delta=1,noexec
     6                           	psect	cstackBANK0,global,class=BANK0,space=1,delta=1,noexec
     7                           	psect	maintext,global,class=CODE,split=1,delta=2
     8                           	psect	idloc,global,abs,ovrld,class=IDLOC,space=5,delta=2,noexec
     9                           	psect	config,global,abs,ovrld,class=CONFIG,space=4,delta=2,noexec
    10                           	dabs	1,0x4E,2
    11  0000                     
    12                           ; Version 2.40
    13                           ; Generated 17/11/2021 GMT
    14                           ; 
    15                           ; Copyright © 2021, Microchip Technology Inc. and its subsidiaries ("Microchip")
    16                           ; All rights reserved.
    17                           ; 
    18                           ; This software is developed by Microchip Technology Inc. and its subsidiaries ("Microch
      +                          ip").
    19                           ; 
    20                           ; Redistribution and use in source and binary forms, with or without modification, are
    21                           ; permitted provided that the following conditions are met:
    22                           ; 
    23                           ;     1. Redistributions of source code must retain the above copyright notice, this lis
      +                          t of
    24                           ;        conditions and the following disclaimer.
    25                           ; 
    26                           ;     2. Redistributions in binary form must reproduce the above copyright notice, this 
      +                          list
    27                           ;        of conditions and the following disclaimer in the documentation and/or other
    28                           ;        materials provided with the distribution. Publication is not required when
    29                           ;        this file is used in an embedded application.
    30                           ; 
    31                           ;     3. Microchip's name may not be used to endorse or promote products derived from th
      +                          is
    32                           ;        software without specific prior written permission.
    33                           ; 
    34                           ; THIS SOFTWARE IS PROVIDED BY MICROCHIP "AS IS" AND ANY EXPRESS OR IMPLIED WARRANTIES,
    35                           ; INCLUDING, BUT NOT LIMITED TO, THE IMPLIED WARRANTIES OF MERCHANTABILITY AND FITNESS F
      +                          OR
    36                           ; PURPOSE ARE DISCLAIMED.  IN NO EVENT SHALL MICROCHIP BE LIABLE FOR ANY DIRECT, INDIREC
      +                          T,
    37                           ; INCIDENTAL, SPECIAL, EXEMPLARY, OR CONSEQUENTIAL DAMAGES (INCLUDING BUT NOT LIMITED TO
    38                           ; PROCUREMENT OF SUBSTITUTE GOODS OR SERVICES; LOSS OF USE, DATA OR PROFITS; OR BUSINESS
    39                           ; INTERRUPTION) HOWSOEVER CAUSED AND ON ANY THEORY OF LIABILITY, WHETHER IN CONTRACT, ST
      +                          RICT
    40                           ; LIABILITY, OR TORT (INCLUDING NEGLIGENCE OR OTHERWISE) ARISING IN ANY WAY OUT OF THE U
      +                          SE OF
    41                           ; THIS SOFTWARE, EVEN IF ADVISED OF THE POSSIBILITY OF SUCH DAMAGE.
    42                           ; 
    43                           ; 
    44                           ; Code-generator required, PIC16F84A Definitions
    45                           ; 
    46                           ; SFR Addresses
    47  0000                     	;# 
    48  0001                     	;# 
    49  0002                     	;# 
    50  0003                     	;# 
    51  0004                     	;# 
    52  0005                     	;# 
    53  0006                     	;# 
    54  0008                     	;# 
    55  0009                     	;# 
    56  000A                     	;# 
    57  000B                     	;# 
    58  0081                     	;# 
    59  0085                     	;# 
    60  0086                     	;# 
    61  0088                     	;# 
    62  0089                     	;# 
    63  0000                     	;# 
    64  0001                     	;# 
    65  0002                     	;# 
    66  0003                     	;# 
    67  0004                     	;# 
    68  0005                     	;# 
    69  0006                     	;# 
    70  0008                     	;# 
    71  0009                     	;# 
    72  000A                     	;# 
    73  000B                     	;# 
    74  0081                     	;# 
    75  0085                     	;# 
    76  0086                     	;# 
    77  0088                     	;# 
    78  0089                     	;# 
    79  0006                     _PORTB	set	6
    80  0005                     _PORTA	set	5
    81  0085                     _TRISA	set	133
    82  0086                     _TRISB	set	134
    83                           
    84                           	psect	cinit
    85  03FE                     start_initialization:	
    86                           ; #config settings
    87                           
    88  03FE                     __initialization:
    89  03FE                     end_of_initialization:	
    90                           ;End of C runtime variable initialization code
    91                           
    92  03FE                     __end_of__initialization:
    93  03FE  0183               	clrf	3
    94  03FF  2BD5               	ljmp	_main	;jump to C main() function
    95                           
    96                           	psect	cstackCOMMON
    97  0000                     __pcstackCOMMON:
    98  0000                     ??_main:
    99                           
   100                           	psect	cstackBANK0
   101  0000                     __pcstackBANK0:	
   102                           ; 1 bytes @ 0x0
   103                           
   104  0000                     ?_main:
   105                           
   106                           	psect	maintext
   107  03D5                     __pmaintext:	
   108                           ; 1 bytes @ 0x0
   109 ;;
   110 ;;Main: autosize = 0, tempsize = 0, incstack = 0, save=0
   111 ;;
   112 ;; *************** function _main *****************
   113 ;; Defined at:
   114 ;;		line 16 in file "LED_BLINK_APP_GITHUB.c"
   115 ;; Parameters:    Size  Location     Type
   116 ;;		None
   117 ;; Auto vars:     Size  Location     Type
   118 ;;		None
   119 ;; Return value:  Size  Location     Type
   120 ;;                  1    wreg      void 
   121 ;; Registers used:
   122 ;;		wreg, status,2, status,0
   123 ;; Tracked objects:
   124 ;;		On entry : B00/0
   125 ;;		On exit  : 0/0
   126 ;;		Unchanged: 0/0
   127 ;; Data sizes:     COMMON   BANK0
   128 ;;      Params:         0       0
   129 ;;      Locals:         0       0
   130 ;;      Temps:          0       0
   131 ;;      Totals:         0       0
   132 ;;Total ram usage:        0 bytes
   133 ;; This function calls:
   134 ;;		Nothing
   135 ;; This function is called by:
   136 ;;		Startup code after reset
   137 ;; This function uses a non-reentrant model
   138 ;;
   139                           
   140  03D5                     _main:	
   141                           ;psect for function _main
   142                           
   143  03D5                     l639:	
   144                           ;incstack = 0
   145                           ; Regs used in _main: [wreg+status,2+status,0]
   146                           
   147                           
   148                           ;LED_BLINK_APP_GITHUB.c: 18:     TRISB = 0x00;
   149  03D5  1683               	bsf	3,5	;RP0=1, select bank1
   150  03D6  0186               	clrf	6	;volatile
   151  03D7                     l641:
   152                           
   153                           ;LED_BLINK_APP_GITHUB.c: 19:     TRISA = 0x03;
   154  03D7  3003               	movlw	3
   155  03D8  0085               	movwf	5	;volatile
   156  03D9                     l643:
   157                           
   158                           ;LED_BLINK_APP_GITHUB.c: 21:     PORTA = 0;
   159  03D9  1283               	bcf	3,5	;RP0=0, select bank0
   160  03DA  0185               	clrf	5	;volatile
   161  03DB                     l645:
   162                           
   163                           ;LED_BLINK_APP_GITHUB.c: 22:     PORTB = 0;
   164  03DB  0186               	clrf	6	;volatile
   165  03DC                     l647:
   166                           
   167                           ;LED_BLINK_APP_GITHUB.c: 25:         if(PORTA == 0x01){
   168  03DC  0305               	decf	5,w	;volatile
   169  03DD  1D03               	btfss	3,2
   170  03DE  2BE0               	goto	u51
   171  03DF  2BE1               	goto	u50
   172  03E0                     u51:
   173  03E0  2BE4               	goto	l651
   174  03E1                     u50:
   175  03E1                     l649:
   176                           
   177                           ;LED_BLINK_APP_GITHUB.c: 26:             PORTB = 0x0F;
   178  03E1  300F               	movlw	15
   179  03E2  0086               	movwf	6	;volatile
   180                           
   181                           ;LED_BLINK_APP_GITHUB.c: 27:         }
   182  03E3  2BDC               	goto	l647
   183  03E4                     l651:
   184  03E4  3002               	movlw	2
   185  03E5  0605               	xorwf	5,w	;volatile
   186  03E6  1D03               	btfss	3,2
   187  03E7  2BE9               	goto	u61
   188  03E8  2BEA               	goto	u60
   189  03E9                     u61:
   190  03E9  2BED               	goto	l655
   191  03EA                     u60:
   192  03EA                     l653:
   193                           
   194                           ;LED_BLINK_APP_GITHUB.c: 29:             PORTB = 0xF0;
   195  03EA  30F0               	movlw	240
   196  03EB  0086               	movwf	6	;volatile
   197                           
   198                           ;LED_BLINK_APP_GITHUB.c: 30:         }
   199  03EC  2BDC               	goto	l647
   200  03ED                     l655:
   201  03ED  3003               	movlw	3
   202  03EE  0605               	xorwf	5,w	;volatile
   203  03EF  1D03               	btfss	3,2
   204  03F0  2BF2               	goto	u71
   205  03F1  2BF3               	goto	u70
   206  03F2                     u71:
   207  03F2  2BF6               	goto	l659
   208  03F3                     u70:
   209  03F3                     l657:
   210                           
   211                           ;LED_BLINK_APP_GITHUB.c: 32:             PORTB = 0xFF;
   212  03F3  30FF               	movlw	255
   213  03F4  0086               	movwf	6	;volatile
   214                           
   215                           ;LED_BLINK_APP_GITHUB.c: 33:         }
   216  03F5  2BDC               	goto	l647
   217  03F6                     l659:
   218  03F6  0805               	movf	5,w	;volatile
   219  03F7  1D03               	btfss	3,2
   220  03F8  2BFA               	goto	u81
   221  03F9  2BFB               	goto	u80
   222  03FA                     u81:
   223  03FA  2BFC               	goto	l15
   224  03FB                     u80:
   225  03FB  2BDB               	goto	l645
   226  03FC                     l15:
   227  03FC  2BDC               	goto	l647
   228  03FD  2800               	ljmp	start
   229  03FE                     __end_of_main:
   230  004E                     btemp	set	78	;btemp
   231  004E                     wtemp0	set	78
   232                           
   233                           	psect	idloc
   234                           
   235                           ;Config register IDLOC0 @ 0x2000
   236                           ;	unspecified, using default values
   237  2000                     	org	8192
   238  2000  3FFF               	dw	16383
   239                           
   240                           ;Config register IDLOC1 @ 0x2001
   241                           ;	unspecified, using default values
   242  2001                     	org	8193
   243  2001  3FFF               	dw	16383
   244                           
   245                           ;Config register IDLOC2 @ 0x2002
   246                           ;	unspecified, using default values
   247  2002                     	org	8194
   248  2002  3FFF               	dw	16383
   249                           
   250                           ;Config register IDLOC3 @ 0x2003
   251                           ;	unspecified, using default values
   252  2003                     	org	8195
   253  2003  3FFF               	dw	16383
   254                           
   255                           	psect	config
   256                           
   257                           ;Config register CONFIG @ 0x2007
   258                           ;	Oscillator Selection bits
   259                           ;	FOSC = XT, XT oscillator
   260                           ;	Watchdog Timer
   261                           ;	WDTE = OFF, WDT disabled
   262                           ;	Power-up Timer Enable bit
   263                           ;	PWRTE = OFF, Power-up Timer is disabled
   264                           ;	Code Protection bit
   265                           ;	CP = OFF, Code protection disabled
   266  2007                     	org	8199
   267  2007  3FF9               	dw	16377

Data Sizes:
    Strings     0
    Constant    0
    Data        0
    BSS         0
    Persistent  0
    Stack       0

Auto Spaces:
    Space          Size  Autos    Used
    COMMON            0      0       0
    BANK0            66      0       0

Pointer List with Targets:

    None.

Critical Paths under _main in COMMON

    None.

Critical Paths under _main in BANK0

    None.

Call Graph Tables:

 ---------------------------------------------------------------------------------
 (Depth) Function   	        Calls       Base Space   Used Autos Params    Refs
 ---------------------------------------------------------------------------------
 (0) _main                                                 0     0      0       0
 ---------------------------------------------------------------------------------
 Estimated maximum stack depth 0
 ---------------------------------------------------------------------------------

 Call Graph Graphs:

 _main (ROOT)

 Address spaces:
Name               Size   Autos  Total    Cost      Usage
BITCOMMON            0      0       0       0        0.0%
EEDATA              40      0       0       0        0.0%
NULL                 0      0       0       0        0.0%
CODE                 0      0       0       0        0.0%
BITSFR0              0      0       0       1        0.0%
SFR0                 0      0       0       1        0.0%
COMMON               0      0       0       1        0.0%
BITSFR1              0      0       0       2        0.0%
SFR1                 0      0       0       2        0.0%
STACK                0      0       0       2        0.0%
BANK0               42      0       0       3        0.0%
ABS                  0      0       0       4        0.0%
BITBANK0            42      0       0       5        0.0%
DATA                 0      0       0       6        0.0%


Microchip Technology PIC Macro Assembler V2.36 build 20220127204148 
Symbol Table                                                                                   Mon Jan 30 16:30:38 2023

                     l15 03FC                       u50 03E1                       u51 03E0  
                     u60 03EA                       u61 03E9                       u70 03F3  
                     u71 03F2                       u80 03FB                       u81 03FA  
                    l641 03D7                      l651 03E4                      l643 03D9  
                    l653 03EA                      l645 03DB                      l655 03ED  
                    l647 03DC                      l639 03D5                      l657 03F3  
                    l649 03E1                      l659 03F6                     _main 03D5  
                   btemp 004E                     start 0000                    ?_main 0000  
                  _PORTA 0005                    _PORTB 0006                    _TRISA 0085  
                  _TRISB 0086                    status 0003                    wtemp0 004E  
        __initialization 03FE             __end_of_main 03FE                   ??_main 0000  
__end_of__initialization 03FE           __pcstackCOMMON 0000               __pmaintext 03D5  
   end_of_initialization 03FE      start_initialization 03FE                ___latbits 0000  
          __pcstackBANK0 0000  
